Line 92: Class MediaPlayerCtl.MediaPlayer of control MediaPlayer3 was not a loaded control class.
Line 158: Class MediaPlayerCtl.MediaPlayer of control MediaPlayer2 was not a loaded control class.
Line 224: Class MediaPlayerCtl.MediaPlayer of control MediaPlayer1 was not a loaded control class.
Line 99: The property name AudioStream in MediaPlayer3 is invalid.
Line 101: The property name AutoStart in MediaPlayer3 is invalid.
Line 102: The property name AnimationAtStart in MediaPlayer3 is invalid.
Line 103: The property name AllowScan in MediaPlayer3 is invalid.
Line 104: The property name AllowChangeDisplaySize in MediaPlayer3 is invalid.
Line 105: The property name AutoRewind in MediaPlayer3 is invalid.
Line 106: The property name Balance in MediaPlayer3 is invalid.
Line 107: The property name BaseURL in MediaPlayer3 is invalid.
Line 108: The property name BufferingTime in MediaPlayer3 is invalid.
Line 109: The property name CaptioningID in MediaPlayer3 is invalid.
Line 110: The property name ClickToPlay in MediaPlayer3 is invalid.
Line 111: The property name CursorType in MediaPlayer3 is invalid.
Line 112: The property name CurrentPosition in MediaPlayer3 is invalid.
Line 113: The property name CurrentMarker in MediaPlayer3 is invalid.
Line 114: The property name DefaultFrame in MediaPlayer3 is invalid.
Line 115: The property name DisplayBackColor in MediaPlayer3 is invalid.
Line 116: The property name DisplayForeColor in MediaPlayer3 is invalid.
Line 117: The property name DisplayMode in MediaPlayer3 is invalid.
Line 118: The property name DisplaySize in MediaPlayer3 is invalid.
Line 120: The property name EnableContextMenu in MediaPlayer3 is invalid.
Line 121: The property name EnablePositionControls in MediaPlayer3 is invalid.
Line 122: The property name EnableFullScreenControls in MediaPlayer3 is invalid.
Line 123: The property name EnableTracker in MediaPlayer3 is invalid.
Line 124: The property name Filename in MediaPlayer3 is invalid.
Line 125: The property name InvokeURLs in MediaPlayer3 is invalid.
Line 126: The property name Language in MediaPlayer3 is invalid.
Line 127: The property name Mute in MediaPlayer3 is invalid.
Line 128: The property name PlayCount in MediaPlayer3 is invalid.
Line 129: The property name PreviewMode in MediaPlayer3 is invalid.
Line 130: The property name Rate in MediaPlayer3 is invalid.
Line 131: The property name SAMILang in MediaPlayer3 is invalid.
Line 132: The property name SAMIStyle in MediaPlayer3 is invalid.
Line 133: The property name SAMIFileName in MediaPlayer3 is invalid.
Line 134: The property name SelectionStart in MediaPlayer3 is invalid.
Line 135: The property name SelectionEnd in MediaPlayer3 is invalid.
Line 136: The property name SendOpenStateChangeEvents in MediaPlayer3 is invalid.
Line 137: The property name SendWarningEvents in MediaPlayer3 is invalid.
Line 138: The property name SendErrorEvents in MediaPlayer3 is invalid.
Line 139: The property name SendKeyboardEvents in MediaPlayer3 is invalid.
Line 140: The property name SendMouseClickEvents in MediaPlayer3 is invalid.
Line 141: The property name SendMouseMoveEvents in MediaPlayer3 is invalid.
Line 142: The property name SendPlayStateChangeEvents in MediaPlayer3 is invalid.
Line 143: The property name ShowCaptioning in MediaPlayer3 is invalid.
Line 144: The property name ShowControls in MediaPlayer3 is invalid.
Line 145: The property name ShowAudioControls in MediaPlayer3 is invalid.
Line 146: The property name ShowDisplay in MediaPlayer3 is invalid.
Line 147: The property name ShowGotoBar in MediaPlayer3 is invalid.
Line 148: The property name ShowPositionControls in MediaPlayer3 is invalid.
Line 149: The property name ShowStatusBar in MediaPlayer3 is invalid.
Line 150: The property name ShowTracker in MediaPlayer3 is invalid.
Line 151: The property name TransparentAtStart in MediaPlayer3 is invalid.
Line 152: The property name VideoBorderWidth in MediaPlayer3 is invalid.
Line 153: The property name VideoBorderColor in MediaPlayer3 is invalid.
Line 154: The property name VideoBorder3D in MediaPlayer3 is invalid.
Line 155: The property name Volume in MediaPlayer3 is invalid.
Line 156: The property name WindowlessVideo in MediaPlayer3 is invalid.
Line 165: The property name AudioStream in MediaPlayer2 is invalid.
Line 167: The property name AutoStart in MediaPlayer2 is invalid.
Line 168: The property name AnimationAtStart in MediaPlayer2 is invalid.
Line 169: The property name AllowScan in MediaPlayer2 is invalid.
Line 170: The property name AllowChangeDisplaySize in MediaPlayer2 is invalid.
Line 171: The property name AutoRewind in MediaPlayer2 is invalid.
Line 172: The property name Balance in MediaPlayer2 is invalid.
Line 173: The property name BaseURL in MediaPlayer2 is invalid.
Line 174: The property name BufferingTime in MediaPlayer2 is invalid.
Line 175: The property name CaptioningID in MediaPlayer2 is invalid.
Line 176: The property name ClickToPlay in MediaPlayer2 is invalid.
Line 177: The property name CursorType in MediaPlayer2 is invalid.
Line 178: The property name CurrentPosition in MediaPlayer2 is invalid.
Line 179: The property name CurrentMarker in MediaPlayer2 is invalid.
Line 180: The property name DefaultFrame in MediaPlayer2 is invalid.
Line 181: The property name DisplayBackColor in MediaPlayer2 is invalid.
Line 182: The property name DisplayForeColor in MediaPlayer2 is invalid.
Line 183: The property name DisplayMode in MediaPlayer2 is invalid.
Line 184: The property name DisplaySize in MediaPlayer2 is invalid.
Line 186: The property name EnableContextMenu in MediaPlayer2 is invalid.
Line 187: The property name EnablePositionControls in MediaPlayer2 is invalid.
Line 188: The property name EnableFullScreenControls in MediaPlayer2 is invalid.
Line 189: The property name EnableTracker in MediaPlayer2 is invalid.
Line 190: The property name Filename in MediaPlayer2 is invalid.
Line 191: The property name InvokeURLs in MediaPlayer2 is invalid.
Line 192: The property name Language in MediaPlayer2 is invalid.
Line 193: The property name Mute in MediaPlayer2 is invalid.
Line 194: The property name PlayCount in MediaPlayer2 is invalid.
Line 195: The property name PreviewMode in MediaPlayer2 is invalid.
Line 196: The property name Rate in MediaPlayer2 is invalid.
Line 197: The property name SAMILang in MediaPlayer2 is invalid.
Line 198: The property name SAMIStyle in MediaPlayer2 is invalid.
Line 199: The property name SAMIFileName in MediaPlayer2 is invalid.
Line 200: The property name SelectionStart in MediaPlayer2 is invalid.
Line 201: The property name SelectionEnd in MediaPlayer2 is invalid.
Line 202: The property name SendOpenStateChangeEvents in MediaPlayer2 is invalid.
Line 203: The property name SendWarningEvents in MediaPlayer2 is invalid.
Line 204: The property name SendErrorEvents in MediaPlayer2 is invalid.
Line 205: The property name SendKeyboardEvents in MediaPlayer2 is invalid.
Line 206: The property name SendMouseClickEvents in MediaPlayer2 is invalid.
Line 207: The property name SendMouseMoveEvents in MediaPlayer2 is invalid.
Line 208: The property name SendPlayStateChangeEvents in MediaPlayer2 is invalid.
Line 209: The property name ShowCaptioning in MediaPlayer2 is invalid.
Line 210: The property name ShowControls in MediaPlayer2 is invalid.
Line 211: The property name ShowAudioControls in MediaPlayer2 is invalid.
Line 212: The property name ShowDisplay in MediaPlayer2 is invalid.
Line 213: The property name ShowGotoBar in MediaPlayer2 is invalid.
Line 214: The property name ShowPositionControls in MediaPlayer2 is invalid.
Line 215: The property name ShowStatusBar in MediaPlayer2 is invalid.
Line 216: The property name ShowTracker in MediaPlayer2 is invalid.
Line 217: The property name TransparentAtStart in MediaPlayer2 is invalid.
Line 218: The property name VideoBorderWidth in MediaPlayer2 is invalid.
Line 219: The property name VideoBorderColor in MediaPlayer2 is invalid.
Line 220: The property name VideoBorder3D in MediaPlayer2 is invalid.
Line 221: The property name Volume in MediaPlayer2 is invalid.
Line 222: The property name WindowlessVideo in MediaPlayer2 is invalid.
Line 231: The property name AudioStream in MediaPlayer1 is invalid.
Line 233: The property name AutoStart in MediaPlayer1 is invalid.
Line 234: The property name AnimationAtStart in MediaPlayer1 is invalid.
Line 235: The property name AllowScan in MediaPlayer1 is invalid.
Line 236: The property name AllowChangeDisplaySize in MediaPlayer1 is invalid.
Line 237: The property name AutoRewind in MediaPlayer1 is invalid.
Line 238: The property name Balance in MediaPlayer1 is invalid.
Line 239: The property name BaseURL in MediaPlayer1 is invalid.
Line 240: The property name BufferingTime in MediaPlayer1 is invalid.
Line 241: The property name CaptioningID in MediaPlayer1 is invalid.
Line 242: The property name ClickToPlay in MediaPlayer1 is invalid.
Line 243: The property name CursorType in MediaPlayer1 is invalid.
Line 244: The property name CurrentPosition in MediaPlayer1 is invalid.
Line 245: The property name CurrentMarker in MediaPlayer1 is invalid.
Line 246: The property name DefaultFrame in MediaPlayer1 is invalid.
Line 247: The property name DisplayBackColor in MediaPlayer1 is invalid.
Line 248: The property name DisplayForeColor in MediaPlayer1 is invalid.
Line 249: The property name DisplayMode in MediaPlayer1 is invalid.
Line 250: The property name DisplaySize in MediaPlayer1 is invalid.
Line 252: The property name EnableContextMenu in MediaPlayer1 is invalid.
Line 253: The property name EnablePositionControls in MediaPlayer1 is invalid.
Line 254: The property name EnableFullScreenControls in MediaPlayer1 is invalid.
Line 255: The property name EnableTracker in MediaPlayer1 is invalid.
Line 256: The property name Filename in MediaPlayer1 is invalid.
Line 257: The property name InvokeURLs in MediaPlayer1 is invalid.
Line 258: The property name Language in MediaPlayer1 is invalid.
Line 259: The property name Mute in MediaPlayer1 is invalid.
Line 260: The property name PlayCount in MediaPlayer1 is invalid.
Line 261: The property name PreviewMode in MediaPlayer1 is invalid.
Line 262: The property name Rate in MediaPlayer1 is invalid.
Line 263: The property name SAMILang in MediaPlayer1 is invalid.
Line 264: The property name SAMIStyle in MediaPlayer1 is invalid.
Line 265: The property name SAMIFileName in MediaPlayer1 is invalid.
Line 266: The property name SelectionStart in MediaPlayer1 is invalid.
Line 267: The property name SelectionEnd in MediaPlayer1 is invalid.
Line 268: The property name SendOpenStateChangeEvents in MediaPlayer1 is invalid.
Line 269: The property name SendWarningEvents in MediaPlayer1 is invalid.
Line 270: The property name SendErrorEvents in MediaPlayer1 is invalid.
Line 271: The property name SendKeyboardEvents in MediaPlayer1 is invalid.
Line 272: The property name SendMouseClickEvents in MediaPlayer1 is invalid.
Line 273: The property name SendMouseMoveEvents in MediaPlayer1 is invalid.
Line 274: The property name SendPlayStateChangeEvents in MediaPlayer1 is invalid.
Line 275: The property name ShowCaptioning in MediaPlayer1 is invalid.
Line 276: The property name ShowControls in MediaPlayer1 is invalid.
Line 277: The property name ShowAudioControls in MediaPlayer1 is invalid.
Line 278: The property name ShowDisplay in MediaPlayer1 is invalid.
Line 279: The property name ShowGotoBar in MediaPlayer1 is invalid.
Line 280: The property name ShowPositionControls in MediaPlayer1 is invalid.
Line 281: The property name ShowStatusBar in MediaPlayer1 is invalid.
Line 282: The property name ShowTracker in MediaPlayer1 is invalid.
Line 283: The property name TransparentAtStart in MediaPlayer1 is invalid.
Line 284: The property name VideoBorderWidth in MediaPlayer1 is invalid.
Line 285: The property name VideoBorderColor in MediaPlayer1 is invalid.
Line 286: The property name VideoBorder3D in MediaPlayer1 is invalid.
Line 287: The property name Volume in MediaPlayer1 is invalid.
Line 288: The property name WindowlessVideo in MediaPlayer1 is invalid.
